<?xml version="1.0" encoding="UTF-8"?>
<!-- Generated by org.testng.reporters.JUnitReportReporter -->
<testsuite hostname="GZ-Stone" name="KWS.prepare.t15_03_12_07_35_02" tests="1" failures="0" timestamp="12 Mar 2015 07:35:46 GMT" time="27.745" errors="0">
  <testcase name="TestBaidu" time="27.745" classname="KWS.prepare.t15_03_12_07_35_02"/>
</testsuite> <!-- KWS.prepare.t15_03_12_07_35_02 -->
