<?xml version="1.0" encoding="UTF-8"?>
<!-- Generated by org.testng.reporters.JUnitReportReporter -->
<testsuite hostname="GZ-Shawn" name="KWS.prepare.t15042807454777" tests="1" failures="0" timestamp="28 Apr 2015 05:47:55 GMT" time="125.919" errors="0">
  <testcase name="TK_UBVR_AddManualRegistry" time="125.919" classname="KWS.prepare.t15042807454777"/>
</testsuite> <!-- KWS.prepare.t15042807454777 -->
