<?xml version="1.0" encoding="UTF-8"?>
<!-- Generated by org.testng.reporters.JUnitReportReporter -->
<testsuite hostname="GZ-QA-AutoTool" name="KWS.prepare.t15_04_21_12_52_46" tests="1" failures="0" timestamp="21 Apr 2015 07:54:17 GMT" time="84.459" errors="0">
  <testcase name="TK_UBVR_VerifyHideRegistryAndHideProducts" time="84.459" classname="KWS.prepare.t15_04_21_12_52_46"/>
</testsuite> <!-- KWS.prepare.t15_04_21_12_52_46 -->
