<?xml version="1.0" encoding="UTF-8"?>
<!-- Generated by org.testng.reporters.JUnitReportReporter -->
<testsuite hostname="GZ-Shawn" name="KWS.prepare.t15042805555895" tests="1" failures="0" timestamp="28 Apr 2015 03:56:13 GMT" time="12.588" errors="0">
  <testcase name="TK_UBVR_AddManualRegistry" time="12.588" classname="KWS.prepare.t15042805555895"/>
</testsuite> <!-- KWS.prepare.t15042805555895 -->
