<?xml version="1.0" encoding="UTF-8"?>
<!-- Generated by org.testng.reporters.JUnitReportReporter -->
<testsuite hostname="GZ-QA-AutoTool" name="KWS.prepare.t15_04_13_03_32_26" tests="1" failures="0" timestamp="13 Apr 2015 10:33:06 GMT" time="34.914" errors="0">
  <testcase name="Impersonatevendortomyaccount" time="34.914" classname="KWS.prepare.t15_04_13_03_32_26"/>
</testsuite> <!-- KWS.prepare.t15_04_13_03_32_26 -->
