<?xml version="1.0" encoding="UTF-8"?>
<!-- Generated by org.testng.reporters.JUnitReportReporter -->
<testsuite hostname="GZ-QA-AutoTool" name="KWS.prepare.t15_04_09_08_19_56" tests="1" failures="0" timestamp="10 Apr 2015 03:21:05 GMT" time="63.821" errors="0">
  <testcase name="Createfreemiumprofilewithnewaccount" time="63.821" classname="KWS.prepare.t15_04_09_08_19_56"/>
</testsuite> <!-- KWS.prepare.t15_04_09_08_19_56 -->
