<?xml version="1.0" encoding="UTF-8"?>
<!-- Generated by org.testng.reporters.JUnitReportReporter -->
<testsuite hostname="GZ-Stone" name="KWS.prepare.t15_03_12_07_39_29" tests="1" failures="0" timestamp="12 Mar 2015 07:40:06 GMT" time="22.311" errors="0">
  <testcase name="TestBaidu" time="22.311" classname="KWS.prepare.t15_03_12_07_39_29"/>
</testsuite> <!-- KWS.prepare.t15_03_12_07_39_29 -->
