<?xml version="1.0" encoding="UTF-8"?>
<!-- Generated by org.testng.reporters.JUnitReportReporter -->
<testsuite hostname="GZ-QA-AutoTool" name="KWS.prepare.t15_04_20_09_38_12" tests="1" failures="0" timestamp="21 Apr 2015 04:38:21 GMT" time="3.213" errors="0">
  <testcase name="TB_UBVR_Login" time="3.213" classname="KWS.prepare.t15_04_20_09_38_12"/>
</testsuite> <!-- KWS.prepare.t15_04_20_09_38_12 -->
