<?xml version="1.0" encoding="UTF-8"?>
<!-- Generated by org.testng.reporters.JUnitReportReporter -->
<testsuite hostname="GZ-QA-AutoTool" name="KWS.prepare.t15_04_09_12_00_34" tests="1" failures="0" timestamp="9 Apr 2015 07:01:36 GMT" time="56.162" errors="0">
  <testcase name="Createfreemiumprofilewithnewaccount" time="56.162" classname="KWS.prepare.t15_04_09_12_00_34"/>
</testsuite> <!-- KWS.prepare.t15_04_09_12_00_34 -->
