<?xml version="1.0" encoding="UTF-8"?>
<!-- Generated by org.testng.reporters.JUnitReportReporter -->
<testsuite hostname="GZ-QA-AutoTool" name="KWS.prepare.t15_04_20_12_45_19" tests="1" failures="0" timestamp="20 Apr 2015 07:46:10 GMT" time="44.320" errors="0">
  <testcase name="UBVR_AddManualRegistry" time="44.320" classname="KWS.prepare.t15_04_20_12_45_19"/>
</testsuite> <!-- KWS.prepare.t15_04_20_12_45_19 -->
