<?xml version="1.0" encoding="UTF-8"?>
<!-- Generated by org.testng.reporters.JUnitReportReporter -->
<testsuite hostname="GZ-QA-AutoTool" name="KWS.prepare.t15_04_21_11_45_35" tests="1" failures="0" timestamp="22 Apr 2015 06:45:48 GMT" time="4.461" errors="0">
  <testcase name="dhd" time="4.461" classname="KWS.prepare.t15_04_21_11_45_35"/>
</testsuite> <!-- KWS.prepare.t15_04_21_11_45_35 -->
