<?xml version="1.0" encoding="UTF-8"?>
<!-- Generated by org.testng.reporters.JUnitReportReporter -->
<testsuite hostname="GZ-Shawn" name="KWS.prepare.t15042712531544" tests="1" failures="0" timestamp="27 Apr 2015 10:54:11 GMT" time="53.302" errors="0">
  <testcase name="TK_UBVR_AddManualRegistry" time="53.302" classname="KWS.prepare.t15042712531544"/>
</testsuite> <!-- KWS.prepare.t15042712531544 -->
