<?xml version="1.0" encoding="UTF-8"?>
<!-- Generated by org.testng.reporters.JUnitReportReporter -->
<testsuite hostname="GZ-QA-AutoTool" name="KWS.prepare.t15_04_24_02_07_27" tests="1" failures="0" timestamp="24 Apr 2015 09:10:05 GMT" time="150.978" errors="0">
  <testcase name="Createfreemiumprofilewithnewaccount" time="150.978" classname="KWS.prepare.t15_04_24_02_07_27"/>
</testsuite> <!-- KWS.prepare.t15_04_24_02_07_27 -->
