<?xml version="1.0" encoding="UTF-8"?>
<!-- Generated by org.testng.reporters.JUnitReportReporter -->
<testsuite hostname="GZ-Shawn" name="KWS.prepare.t15042712211388" tests="1" failures="0" timestamp="27 Apr 2015 10:23:44 GMT" time="147.120" errors="0">
  <testcase name="TK_UBVR_AddManualRegistry" time="147.120" classname="KWS.prepare.t15042712211388"/>
</testsuite> <!-- KWS.prepare.t15042712211388 -->
