<?xml version="1.0" encoding="UTF-8"?>
<!-- Generated by org.testng.reporters.JUnitReportReporter -->
<testsuite hostname="GZ-QA-AutoTool" name="KWS.prepare.t15_04_23_09_20_47" tests="1" failures="0" timestamp="24 Apr 2015 04:21:00 GMT" time="5.039" errors="0">
  <testcase name="Createfreemiumprofilewithnewaccount" time="5.039" classname="KWS.prepare.t15_04_23_09_20_47"/>
</testsuite> <!-- KWS.prepare.t15_04_23_09_20_47 -->
