<?xml version="1.0" encoding="UTF-8"?>
<!-- Generated by org.testng.reporters.JUnitReportReporter -->
<testsuite hostname="GZ-QA-AutoTool" name="KWS.prepare.t15_04_21_10_01_42" tests="1" failures="0" timestamp="22 Apr 2015 05:04:31 GMT" time="162.214" errors="0">
  <testcase name="TB_UBVR_Login" time="162.214" classname="KWS.prepare.t15_04_21_10_01_42"/>
</testsuite> <!-- KWS.prepare.t15_04_21_10_01_42 -->
