<?xml version="1.0" encoding="UTF-8"?>
<!-- Generated by org.testng.reporters.JUnitReportReporter -->
<testsuite hostname="GZ-QA-AutoTool" name="KWS.prepare.t15_04_17_02_44_07" tests="1" failures="0" timestamp="17 Apr 2015 09:44:47 GMT" time="26.848" errors="0">
  <testcase name="LOGIN" time="26.848" classname="KWS.prepare.t15_04_17_02_44_07"/>
</testsuite> <!-- KWS.prepare.t15_04_17_02_44_07 -->
