<?xml version="1.0" encoding="UTF-8"?>
<!-- Generated by org.testng.reporters.JUnitReportReporter -->
<testsuite hostname="GZ-Shawn" name="KWS.prepare.t15042701265186" tests="1" failures="0" timestamp="27 Apr 2015 11:27:50 GMT" time="57.188" errors="0">
  <testcase name="TK_UBVR_AddManualRegistry" time="57.188" classname="KWS.prepare.t15042701265186"/>
</testsuite> <!-- KWS.prepare.t15042701265186 -->
