<?xml version="1.0" encoding="UTF-8"?>
<!-- Generated by org.testng.reporters.JUnitReportReporter -->
<testsuite hostname="GZ-Stone" name="KWS.prepare.t15_03_12_06_57_01" tests="1" failures="0" timestamp="12 Mar 2015 06:57:38 GMT" time="23.514" errors="0">
  <testcase name="TestBaidu" time="23.514" classname="KWS.prepare.t15_03_12_06_57_01"/>
</testsuite> <!-- KWS.prepare.t15_03_12_06_57_01 -->
