<?xml version="1.0" encoding="UTF-8"?>
<!-- Generated by org.testng.reporters.JUnitReportReporter -->
<testsuite hostname="GZ-Shawn" name="KWS.prepare.t15042809191391" tests="1" failures="0" timestamp="28 Apr 2015 07:19:53 GMT" time="38.065" errors="0">
  <testcase name="test" time="38.065" classname="KWS.prepare.t15042809191391"/>
</testsuite> <!-- KWS.prepare.t15042809191391 -->
