<?xml version="1.0" encoding="UTF-8"?>
<!-- Generated by org.testng.reporters.JUnitReportReporter -->
<testsuite hostname="GZ-QA-AutoTool" name="KWS.prepare.t15_03_14_08_10_10" tests="1" failures="0" timestamp="14 Mar 2015 15:10:44 GMT" time="26.115" errors="0">
  <testcase name="TestBaidu" time="26.115" classname="KWS.prepare.t15_03_14_08_10_10"/>
</testsuite> <!-- KWS.prepare.t15_03_14_08_10_10 -->
