<?xml version="1.0" encoding="UTF-8"?>
<!-- Generated by org.testng.reporters.JUnitReportReporter -->
<testsuite hostname="GZ-QA-AutoTool" name="KWS.prepare.t15_04_08_09_24_32" tests="1" failures="0" timestamp="9 Apr 2015 04:25:13 GMT" time="35.741" errors="0">
  <testcase name="Createfreemiumprofilewithnewaccount" time="35.741" classname="KWS.prepare.t15_04_08_09_24_32"/>
</testsuite> <!-- KWS.prepare.t15_04_08_09_24_32 -->
