<?xml version="1.0" encoding="UTF-8"?>
<!-- Generated by org.testng.reporters.JUnitReportReporter -->
<testsuite hostname="GZ-QA-AutoTool" name="KWS.prepare.t15_04_22_02_03_56" tests="1" failures="0" timestamp="22 Apr 2015 09:27:28 GMT" time="1402.357" errors="0">
  <testcase name="Createfreemiumprofilewithnewaccount" time="1402.357" classname="KWS.prepare.t15_04_22_02_03_56"/>
</testsuite> <!-- KWS.prepare.t15_04_22_02_03_56 -->
