<?xml version="1.0" encoding="UTF-8"?>
<!-- Generated by org.testng.reporters.JUnitReportReporter -->
<testsuite hostname="GZ-QA-AutoTool" name="KWS.prepare.t15_04_08_08_38_35" tests="1" failures="0" timestamp="9 Apr 2015 03:38:45 GMT" time="3.822" errors="0">
  <testcase name="loginadmin" time="3.822" classname="KWS.prepare.t15_04_08_08_38_35"/>
</testsuite> <!-- KWS.prepare.t15_04_08_08_38_35 -->
