<?xml version="1.0" encoding="UTF-8"?>
<!-- Generated by org.testng.reporters.JUnitReportReporter -->
<testsuite hostname="GZ-Stone" name="KWS.prepare.t15_03_12_07_12_32" tests="1" failures="0" timestamp="12 Mar 2015 07:13:11 GMT" time="24.611" errors="0">
  <testcase name="TestBaidu" time="24.611" classname="KWS.prepare.t15_03_12_07_12_32"/>
</testsuite> <!-- KWS.prepare.t15_03_12_07_12_32 -->
