<?xml version="1.0" encoding="UTF-8"?>
<!-- Generated by org.testng.reporters.JUnitReportReporter -->
<testsuite hostname="GZ-QA-AutoTool" name="KWS.prepare.t15_04_21_02_40_11" tests="1" failures="0" timestamp="21 Apr 2015 09:43:23 GMT" time="184.409" errors="0">
  <testcase name="TK_UBVR_WebsiteSetting" time="184.409" classname="KWS.prepare.t15_04_21_02_40_11"/>
</testsuite> <!-- KWS.prepare.t15_04_21_02_40_11 -->
