<?xml version="1.0" encoding="UTF-8"?>
<!-- Generated by org.testng.reporters.JUnitReportReporter -->
<testsuite hostname="GZ-QA-AutoTool" name="KWS.prepare.t15_04_09_06_49_14" tests="1" failures="0" timestamp="10 Apr 2015 01:49:45 GMT" time="24.555" errors="0">
  <testcase name="Createfreemiumprofilewithnewaccount" time="24.555" classname="KWS.prepare.t15_04_09_06_49_14"/>
</testsuite> <!-- KWS.prepare.t15_04_09_06_49_14 -->
