<?xml version="1.0" encoding="UTF-8"?>
<!-- Generated by org.testng.reporters.JUnitReportReporter -->
<testsuite hostname="GZ-QA-AutoTool" name="KWS.prepare.t15_04_08_09_57_08" tests="1" failures="0" timestamp="9 Apr 2015 04:57:47 GMT" time="33.026" errors="0">
  <testcase name="Createfreemiumprofilewithnewaccount" time="33.026" classname="KWS.prepare.t15_04_08_09_57_08"/>
</testsuite> <!-- KWS.prepare.t15_04_08_09_57_08 -->
