<?xml version="1.0" encoding="UTF-8"?>
<!-- Generated by org.testng.reporters.JUnitReportReporter -->
<testsuite hostname="GZ-QA-AutoTool" name="KWS.prepare.t15_04_21_04_09_44" tests="1" failures="0" timestamp="21 Apr 2015 11:10:39 GMT" time="46.785" errors="0">
  <testcase name="TK_UBVR_CharitySetting" time="46.785" classname="KWS.prepare.t15_04_21_04_09_44"/>
</testsuite> <!-- KWS.prepare.t15_04_21_04_09_44 -->
