<?xml version="1.0" encoding="UTF-8"?>
<!-- Generated by org.testng.reporters.JUnitReportReporter -->
<testsuite hostname="GZ-Stone" name="KWS.prepare.t15_03_12_06_58_42" tests="1" failures="0" timestamp="12 Mar 2015 06:59:20 GMT" time="20.989" errors="0">
  <testcase name="TestBaidu" time="20.989" classname="KWS.prepare.t15_03_12_06_58_42"/>
</testsuite> <!-- KWS.prepare.t15_03_12_06_58_42 -->
