<?xml version="1.0" encoding="UTF-8"?>
<!-- Generated by org.testng.reporters.JUnitReportReporter -->
<testsuite hostname="GZ-Shawn" name="KWS.prepare.t15042702151939" tests="1" failures="0" timestamp="27 Apr 2015 12:16:38 GMT" time="76.447" errors="0">
  <testcase name="TK_UBVR_AddManualRegistry" time="76.447" classname="KWS.prepare.t15042702151939"/>
</testsuite> <!-- KWS.prepare.t15042702151939 -->
