<?xml version="1.0" encoding="UTF-8"?>
<!-- Generated by org.testng.reporters.JUnitReportReporter -->
<testsuite hostname="GZ-QA-AutoTool" name="KWS.prepare.t15_04_23_09_36_28" tests="1" failures="0" timestamp="24 Apr 2015 04:44:58 GMT" time="502.433" errors="0">
  <testcase name="Createfreemiumprofilewithnewaccount" time="502.433" classname="KWS.prepare.t15_04_23_09_36_28"/>
</testsuite> <!-- KWS.prepare.t15_04_23_09_36_28 -->
