<?xml version="1.0" encoding="UTF-8"?>
<!-- Generated by org.testng.reporters.JUnitReportReporter -->
<testsuite hostname="GZ-Shawn" name="KWS.prepare.t15042806141115" tests="1" failures="0" timestamp="28 Apr 2015 04:14:27 GMT" time="13.562" errors="0">
  <testcase name="TK_UBVR_AddManualRegistry" time="13.562" classname="KWS.prepare.t15042806141115"/>
</testsuite> <!-- KWS.prepare.t15042806141115 -->
