<?xml version="1.0" encoding="UTF-8"?>
<!-- Generated by org.testng.reporters.JUnitReportReporter -->
<testsuite hostname="GZ-QA-AutoTool" name="KWS.prepare.t15_04_17_02_56_31" tests="1" failures="0" timestamp="17 Apr 2015 09:56:42 GMT" time="2.768" errors="0">
  <testcase name="LOGIN" time="2.768" classname="KWS.prepare.t15_04_17_02_56_31"/>
</testsuite> <!-- KWS.prepare.t15_04_17_02_56_31 -->
