<?xml version="1.0" encoding="UTF-8"?>
<!-- Generated by org.testng.reporters.JUnitReportReporter -->
<testsuite hostname="GZ-Shawn" name="KWS.prepare.t15042805264886" tests="1" failures="0" timestamp="28 Apr 2015 03:27:04 GMT" time="14.523" errors="0">
  <testcase name="TK_UBVR_AddManualRegistry" time="14.523" classname="KWS.prepare.t15042805264886"/>
</testsuite> <!-- KWS.prepare.t15042805264886 -->
