<?xml version="1.0" encoding="UTF-8"?>
<!-- Generated by org.testng.reporters.JUnitReportReporter -->
<testsuite hostname="GZ-QA-AutoTool" name="KWS.prepare.t15_04_20_07_11_30" tests="1" failures="0" timestamp="21 Apr 2015 02:12:34 GMT" time="56.956" errors="0">
  <testcase name="UBVR_AddManualRegistry" time="56.956" classname="KWS.prepare.t15_04_20_07_11_30"/>
</testsuite> <!-- KWS.prepare.t15_04_20_07_11_30 -->
