<?xml version="1.0" encoding="UTF-8"?>
<!-- Generated by org.testng.reporters.JUnitReportReporter -->
<testsuite hostname="GZ-Shawn" name="KWS.prepare.t15042903143034" tests="1" failures="0" timestamp="29 Apr 2015 07:14:56 GMT" time="24.110" errors="0">
  <testcase name="Createliteprofilelinktoexistingfreemiumaccount" time="24.110" classname="KWS.prepare.t15042903143034"/>
</testsuite> <!-- KWS.prepare.t15042903143034 -->
