<?xml version="1.0" encoding="UTF-8"?>
<!-- Generated by org.testng.reporters.JUnitReportReporter -->
<testsuite hostname="GZ-QA-AutoTool" name="KWS.prepare.t15_04_21_01_07_41" tests="1" failures="0" timestamp="21 Apr 2015 08:08:43 GMT" time="51.605" errors="0">
  <testcase name="TK_UBVR_VerifyHideRegistryAndHideProducts" time="51.605" classname="KWS.prepare.t15_04_21_01_07_41"/>
</testsuite> <!-- KWS.prepare.t15_04_21_01_07_41 -->
