<?xml version="1.0" encoding="UTF-8"?>
<!-- Generated by org.testng.reporters.JUnitReportReporter -->
<testsuite hostname="GZ-Shawn" name="KWS.prepare.t15042701420095" tests="1" failures="0" timestamp="27 Apr 2015 11:42:56 GMT" time="53.491" errors="0">
  <testcase name="TK_UBVR_AddManualRegistry" time="53.491" classname="KWS.prepare.t15042701420095"/>
</testsuite> <!-- KWS.prepare.t15042701420095 -->
