<?xml version="1.0" encoding="UTF-8"?>
<!-- Generated by org.testng.reporters.JUnitReportReporter -->
<testsuite hostname="GZ-QA-AutoTool" name="KWS.prepare.t15_04_08_08_03_15" tests="1" failures="0" timestamp="9 Apr 2015 03:03:22 GMT" time="2.184" errors="0">
  <testcase name="loginadmin" time="2.184" classname="KWS.prepare.t15_04_08_08_03_15"/>
</testsuite> <!-- KWS.prepare.t15_04_08_08_03_15 -->
