<?xml version="1.0" encoding="UTF-8"?>
<!-- Generated by org.testng.reporters.JUnitReportReporter -->
<testsuite hostname="GZ-QA-AutoTool" name="KWS.prepare.t15_04_08_11_18_24" tests="1" failures="0" timestamp="9 Apr 2015 06:19:19 GMT" time="49.485" errors="0">
  <testcase name="Createfreemiumprofilewithnewaccount" time="49.485" classname="KWS.prepare.t15_04_08_11_18_24"/>
</testsuite> <!-- KWS.prepare.t15_04_08_11_18_24 -->
