<?xml version="1.0" encoding="UTF-8"?>
<!-- Generated by org.testng.reporters.JUnitReportReporter -->
<testsuite hostname="GZ-QA-AutoTool" name="KWS.prepare.t15_03_15_07_58_41" tests="1" failures="0" timestamp="16 Mar 2015 02:59:37 GMT" time="43.073" errors="0">
  <testcase name="TestBaidu" time="43.073" classname="KWS.prepare.t15_03_15_07_58_41"/>
</testsuite> <!-- KWS.prepare.t15_03_15_07_58_41 -->
