<?xml version="1.0" encoding="UTF-8"?>
<!-- Generated by org.testng.reporters.JUnitReportReporter -->
<testsuite hostname="GZ-QA-AutoTool" name="KWS.prepare.t15_04_20_12_43_38" tests="1" failures="0" timestamp="20 Apr 2015 07:44:27 GMT" time="42.432" errors="0">
  <testcase name="UBVR_AddManualRegistry" time="42.432" classname="KWS.prepare.t15_04_20_12_43_38"/>
</testsuite> <!-- KWS.prepare.t15_04_20_12_43_38 -->
