<?xml version="1.0" encoding="UTF-8"?>
<!-- Generated by org.testng.reporters.JUnitReportReporter -->
<testsuite hostname="GZ-Shawn" name="KWS.prepare.t15042806222487" tests="1" failures="0" timestamp="28 Apr 2015 04:24:11 GMT" time="104.490" errors="0">
  <testcase name="TK_UBVR_AddManualRegistry" time="104.490" classname="KWS.prepare.t15042806222487"/>
</testsuite> <!-- KWS.prepare.t15042806222487 -->
