<?xml version="1.0" encoding="UTF-8"?>
<!-- Generated by org.testng.reporters.JUnitReportReporter -->
<testsuite hostname="GZ-QA-AutoTool" name="KWS.prepare.t15_03_23_04_25_39" tests="1" failures="0" timestamp="23 Mar 2015 11:27:08 GMT" time="83.977" errors="0">
  <testcase name="_194899TKRegistryCoupleSearchUGVR" time="83.977" classname="KWS.prepare.t15_03_23_04_25_39"/>
</testsuite> <!-- KWS.prepare.t15_03_23_04_25_39 -->
