<?xml version="1.0" encoding="UTF-8"?>
<!-- Generated by org.testng.reporters.JUnitReportReporter -->
<testsuite hostname="GZ-QA-AutoTool" name="KWS.prepare.t15_04_21_03_44_21" tests="1" failures="0" timestamp="21 Apr 2015 10:54:56 GMT" time="623.478" errors="0">
  <testcase name="TK_UBVR_CharitySetting" time="623.478" classname="KWS.prepare.t15_04_21_03_44_21"/>
</testsuite> <!-- KWS.prepare.t15_04_21_03_44_21 -->
