<?xml version="1.0" encoding="UTF-8"?>
<!-- Generated by org.testng.reporters.JUnitReportReporter -->
<testsuite hostname="GZ-QA-AutoTool" name="KWS.prepare.t15_04_20_08_55_41" tests="1" failures="0" timestamp="21 Apr 2015 03:56:53 GMT" time="65.816" errors="0">
  <testcase name="TK_UBVR_AddExistingRegistryByCoupleSearch" time="65.816" classname="KWS.prepare.t15_04_20_08_55_41"/>
</testsuite> <!-- KWS.prepare.t15_04_20_08_55_41 -->
