<?xml version="1.0" encoding="UTF-8"?>
<!-- Generated by org.testng.reporters.JUnitReportReporter -->
<testsuite hostname="GZ-Shawn" name="KWS.prepare.t15042902334827" tests="1" failures="0" timestamp="29 Apr 2015 06:34:34 GMT" time="44.018" errors="0">
  <testcase name="loginadmin" time="44.018" classname="KWS.prepare.t15042902334827"/>
</testsuite> <!-- KWS.prepare.t15042902334827 -->
