<?xml version="1.0" encoding="UTF-8"?>
<!-- Generated by org.testng.reporters.JUnitReportReporter -->
<testsuite hostname="GZ-Stone" name="KWS.prepare.t15_03_12_07_18_18" tests="1" failures="0" timestamp="12 Mar 2015 07:18:55 GMT" time="23.511" errors="0">
  <testcase name="TestBaidu" time="23.511" classname="KWS.prepare.t15_03_12_07_18_18"/>
</testsuite> <!-- KWS.prepare.t15_03_12_07_18_18 -->
