<?xml version="1.0" encoding="UTF-8"?>
<!-- Generated by org.testng.reporters.JUnitReportReporter -->
<testsuite hostname="GZ-Stone" name="KWS.prepare.t15_03_12_08_34_27" tests="1" failures="0" timestamp="12 Mar 2015 08:35:47 GMT" time="66.729" errors="0">
  <testcase name="_194899TKRegistryCoupleSearchUGVR" time="66.729" classname="KWS.prepare.t15_03_12_08_34_27"/>
</testsuite> <!-- KWS.prepare.t15_03_12_08_34_27 -->
