<?xml version="1.0" encoding="UTF-8"?>
<!-- Generated by org.testng.reporters.JUnitReportReporter -->
<testsuite hostname="GZ-Stone" name="KWS.prepare.t15_03_12_07_11_53" tests="1" failures="0" timestamp="12 Mar 2015 07:12:40 GMT" time="25.921" errors="0">
  <testcase name="TestBaidu" time="25.921" classname="KWS.prepare.t15_03_12_07_11_53"/>
</testsuite> <!-- KWS.prepare.t15_03_12_07_11_53 -->
