<?xml version="1.0" encoding="UTF-8"?>
<!-- Generated by org.testng.reporters.JUnitReportReporter -->
<testsuite hostname="GZ-QA-AutoTool" name="KWS.prepare.t15_04_08_08_40_25" tests="1" failures="0" timestamp="9 Apr 2015 03:40:55 GMT" time="25.054" errors="0">
  <testcase name="loginadmin" time="25.054" classname="KWS.prepare.t15_04_08_08_40_25"/>
</testsuite> <!-- KWS.prepare.t15_04_08_08_40_25 -->
