<?xml version="1.0" encoding="UTF-8"?>
<!-- Generated by org.testng.reporters.JUnitReportReporter -->
<testsuite hostname="GZ-QA-AutoTool" name="KWS.prepare.t15_04_08_02_27_06" tests="1" failures="0" timestamp="8 Apr 2015 09:27:44 GMT" time="29.422" errors="0">
  <testcase name="TestBaidu" time="29.422" classname="KWS.prepare.t15_04_08_02_27_06"/>
</testsuite> <!-- KWS.prepare.t15_04_08_02_27_06 -->
