<?xml version="1.0" encoding="UTF-8"?>
<!-- Generated by org.testng.reporters.JUnitReportReporter -->
<testsuite hostname="GZ-QA-AutoTool" name="KWS.prepare.t15_04_08_02_37_05" tests="1" failures="0" timestamp="8 Apr 2015 09:37:48 GMT" time="36.114" errors="0">
  <testcase name="loginadmin" time="36.114" classname="KWS.prepare.t15_04_08_02_37_05"/>
</testsuite> <!-- KWS.prepare.t15_04_08_02_37_05 -->
