<?xml version="1.0" encoding="UTF-8"?>
<!-- Generated by org.testng.reporters.JUnitReportReporter -->
<testsuite hostname="GZ-QA-AutoTool" name="KWS.prepare.t15_04_08_08_49_33" tests="1" failures="0" timestamp="9 Apr 2015 03:50:31 GMT" time="52.324" errors="0">
  <testcase name="loginadmin" time="52.324" classname="KWS.prepare.t15_04_08_08_49_33"/>
</testsuite> <!-- KWS.prepare.t15_04_08_08_49_33 -->
