<?xml version="1.0" encoding="UTF-8"?>
<!-- Generated by org.testng.reporters.JUnitReportReporter -->
<testsuite hostname="GZ-QA-AutoTool" name="KWS.prepare.t15_04_09_08_55_23" tests="1" failures="0" timestamp="10 Apr 2015 03:55:35 GMT" time="4.852" errors="0">
  <testcase name="TestBaidu" time="4.852" classname="KWS.prepare.t15_04_09_08_55_23"/>
</testsuite> <!-- KWS.prepare.t15_04_09_08_55_23 -->
