<?xml version="1.0" encoding="UTF-8"?>
<!-- Generated by org.testng.reporters.JUnitReportReporter -->
<testsuite hostname="GZ-QA-AutoTool" name="KWS.prepare.t15_04_08_09_33_47" tests="1" failures="0" timestamp="9 Apr 2015 04:34:24 GMT" time="31.653" errors="0">
  <testcase name="Createfreemiumprofilewithnewaccount" time="31.653" classname="KWS.prepare.t15_04_08_09_33_47"/>
</testsuite> <!-- KWS.prepare.t15_04_08_09_33_47 -->
