<?xml version="1.0" encoding="UTF-8"?>
<!-- Generated by org.testng.reporters.JUnitReportReporter -->
<testsuite hostname="GZ-QA-AutoTool" name="KWS.prepare.t15_04_19_09_41_07" tests="1" failures="0" timestamp="20 Apr 2015 04:42:50 GMT" time="97.033" errors="0">
  <testcase name="Sendreviewrequestemail" time="97.033" classname="KWS.prepare.t15_04_19_09_41_07"/>
</testsuite> <!-- KWS.prepare.t15_04_19_09_41_07 -->
