<?xml version="1.0" encoding="UTF-8"?>
<!-- Generated by org.testng.reporters.JUnitReportReporter -->
<testsuite hostname="GZ-QA-AutoTool" name="KWS.prepare.t15_04_08_02_42_24" tests="1" failures="0" timestamp="8 Apr 2015 09:43:16 GMT" time="45.834" errors="0">
  <testcase name="loginadmin" time="45.834" classname="KWS.prepare.t15_04_08_02_42_24"/>
</testsuite> <!-- KWS.prepare.t15_04_08_02_42_24 -->
