<?xml version="1.0" encoding="UTF-8"?>
<!-- Generated by org.testng.reporters.JUnitReportReporter -->
<testsuite hostname="GZ-QA-AutoTool" name="KWS.prepare.t15_04_20_04_18_16" tests="1" failures="0" timestamp="20 Apr 2015 11:19:13 GMT" time="48.812" errors="1">
  <testcase name="UBVR_AddManualRegistry" time="48.812" classname="KWS.prepare.t15_04_20_04_18_16">
    <error type="java.lang.AssertionError" message="Can not switch to iframe [By.xpath: //iframe[@src=&#039;/account/sign_in?application_id=null&amp;desktop=true&#039;]] ">
      <![CDATA[java.lang.AssertionError: Can not switch to iframe [By.xpath: //iframe[@src='/account/sign_in?application_id=null&desktop=true']] 
	at org.testng.Assert.fail(Assert.java:94)
	at KWS.prepare.autoMan.swicthToFrame(autoMan.java:129)
	at KWS.prepare.testdata.readExcel(testdata.java:193)
	at KWS.prepare.t15_04_20_04_18_16.UBVR_AddManualRegistry(t15_04_20_04_18_16.java:8)
	at sun.reflect.NativeMethodAccessorImpl.invoke0(Native Method)
	at sun.reflect.NativeMethodAccessorImpl.invoke(NativeMethodAccessorImpl.java:57)
	at sun.reflect.DelegatingMethodAccessorImpl.invoke(DelegatingMethodAccessorImpl.java:43)
	at java.lang.reflect.Method.invoke(Method.java:606)
	at org.testng.internal.MethodInvocationHelper.invokeMethod(MethodInvocationHelper.java:84)
	at org.testng.internal.Invoker.invokeMethod(Invoker.java:714)
	at org.testng.internal.Invoker.invokeTestMethod(Invoker.java:901)
	at org.testng.internal.Invoker.invokeTestMethods(Invoker.java:1231)
	at org.testng.internal.TestMethodWorker.invokeTestMethods(TestMethodWorker.java:127)
	at org.testng.internal.TestMethodWorker.run(TestMethodWorker.java:111)
	at org.testng.TestRunner.privateRun(TestRunner.java:767)
	at org.testng.TestRunner.run(TestRunner.java:617)
	at org.testng.SuiteRunner.runTest(SuiteRunner.java:334)
	at org.testng.SuiteRunner.runSequentially(SuiteRunner.java:329)
	at org.testng.SuiteRunner.privateRun(SuiteRunner.java:291)
	at org.testng.SuiteRunner.run(SuiteRunner.java:240)
	at org.testng.SuiteRunnerWorker.runSuite(SuiteRunnerWorker.java:52)
	at org.testng.SuiteRunnerWorker.run(SuiteRunnerWorker.java:86)
	at org.testng.TestNG.runSuitesSequentially(TestNG.java:1224)
	at org.testng.TestNG.runSuitesLocally(TestNG.java:1149)
	at org.testng.TestNG.run(TestNG.java:1057)
	at org.testng.TestNG.privateMain(TestNG.java:1364)
	at org.testng.TestNG.main(TestNG.java:1333)
]]>
    </error>
  </testcase> <!-- UBVR_AddManualRegistry -->
</testsuite> <!-- KWS.prepare.t15_04_20_04_18_16 -->
