<?xml version="1.0" encoding="UTF-8"?>
<!-- Generated by org.testng.reporters.JUnitReportReporter -->
<testsuite hostname="GZ-QA-AutoTool" name="KWS.prepare.t15_04_23_08_11_26" tests="1" failures="0" timestamp="24 Apr 2015 03:15:02 GMT" time="138.185" errors="0">
  <testcase name="Createfreemiumprofilewithnewaccount" time="138.185" classname="KWS.prepare.t15_04_23_08_11_26"/>
</testsuite> <!-- KWS.prepare.t15_04_23_08_11_26 -->
