<?xml version="1.0" encoding="UTF-8"?>
<!-- Generated by org.testng.reporters.JUnitReportReporter -->
<testsuite hostname="GZ-QA-AutoTool" name="KWS.prepare.t15_04_19_11_31_07" tests="1" failures="0" timestamp="20 Apr 2015 06:32:13 GMT" time="60.591" errors="0">
  <testcase name="_194899TKRegistryCoupleSearchUGVR" time="60.591" classname="KWS.prepare.t15_04_19_11_31_07"/>
</testsuite> <!-- KWS.prepare.t15_04_19_11_31_07 -->
