<?xml version="1.0" encoding="UTF-8"?>
<!-- Generated by org.testng.reporters.JUnitReportReporter -->
<testsuite hostname="GZ-Shawn" name="KWS.prepare.t15042701102432" tests="1" failures="0" timestamp="27 Apr 2015 11:11:24 GMT" time="57.701" errors="0">
  <testcase name="TK_UBVR_AddManualRegistry" time="57.701" classname="KWS.prepare.t15042701102432"/>
</testsuite> <!-- KWS.prepare.t15042701102432 -->
