<?xml version="1.0" encoding="UTF-8"?>
<!-- Generated by org.testng.reporters.JUnitReportReporter -->
<testsuite hostname="GZ-Shawn" name="KWS.prepare.t15042805534438" tests="1" failures="0" timestamp="28 Apr 2015 03:54:00 GMT" time="13.529" errors="0">
  <testcase name="TK_UBVR_AddManualRegistry" time="13.529" classname="KWS.prepare.t15042805534438"/>
</testsuite> <!-- KWS.prepare.t15042805534438 -->
