<?xml version="1.0" encoding="UTF-8"?>
<!-- Generated by org.testng.reporters.JUnitReportReporter -->
<testsuite hostname="GZ-QA-AutoTool" name="KWS.prepare.t15_04_08_11_27_21" tests="1" failures="0" timestamp="9 Apr 2015 06:28:03 GMT" time="36.334" errors="0">
  <testcase name="Createfreemiumprofilewithnewaccount" time="36.334" classname="KWS.prepare.t15_04_08_11_27_21"/>
</testsuite> <!-- KWS.prepare.t15_04_08_11_27_21 -->
