<?xml version="1.0" encoding="UTF-8"?>
<!-- Generated by org.testng.reporters.JUnitReportReporter -->
<testsuite hostname="GZ-QA-AutoTool" name="KWS.prepare.t15_04_14_01_43_16" tests="1" failures="0" timestamp="14 Apr 2015 08:43:42 GMT" time="20.421" errors="0">
  <testcase name="Addlogoforprofile" time="20.421" classname="KWS.prepare.t15_04_14_01_43_16"/>
</testsuite> <!-- KWS.prepare.t15_04_14_01_43_16 -->
