<?xml version="1.0" encoding="UTF-8"?>
<!-- Generated by org.testng.reporters.JUnitReportReporter -->
<testsuite hostname="GZ-QA-AutoTool" name="KWS.prepare.t15_04_08_08_41_48" tests="1" failures="0" timestamp="9 Apr 2015 03:42:28 GMT" time="34.539" errors="0">
  <testcase name="loginadmin" time="34.539" classname="KWS.prepare.t15_04_08_08_41_48"/>
</testsuite> <!-- KWS.prepare.t15_04_08_08_41_48 -->
