<?xml version="1.0" encoding="UTF-8"?>
<!-- Generated by org.testng.reporters.JUnitReportReporter -->
<testsuite hostname="GZ-QA-AutoTool" name="KWS.prepare.t15_04_24_02_39_32" tests="1" failures="0" timestamp="24 Apr 2015 09:40:54 GMT" time="66.192" errors="0">
  <testcase name="Createfreemiumprofilelinktoexistingfreemiumaccount" time="66.192" classname="KWS.prepare.t15_04_24_02_39_32"/>
</testsuite> <!-- KWS.prepare.t15_04_24_02_39_32 -->
