<?xml version="1.0" encoding="UTF-8"?>
<!-- Generated by org.testng.reporters.JUnitReportReporter -->
<testsuite hostname="GZ-QA-AutoTool" name="KWS.prepare.t15_04_08_11_37_15" tests="1" failures="0" timestamp="9 Apr 2015 06:37:22 GMT" time="2.107" errors="0">
  <testcase name="TestBaidu" time="2.107" classname="KWS.prepare.t15_04_08_11_37_15"/>
</testsuite> <!-- KWS.prepare.t15_04_08_11_37_15 -->
