<?xml version="1.0" encoding="UTF-8"?>
<!-- Generated by org.testng.reporters.JUnitReportReporter -->
<testsuite hostname="GZ-QA-AutoTool" name="KWS.prepare.t15_04_21_09_55_35" tests="1" failures="0" timestamp="22 Apr 2015 04:58:00 GMT" time="135.295" errors="0">
  <testcase name="TB_UBVR_Login" time="135.295" classname="KWS.prepare.t15_04_21_09_55_35"/>
</testsuite> <!-- KWS.prepare.t15_04_21_09_55_35 -->
