<?xml version="1.0" encoding="UTF-8"?>
<!-- Generated by org.testng.reporters.JUnitReportReporter -->
<testsuite hostname="GZ-QA-AutoTool" name="KWS.prepare.t15_04_20_08_01_26" tests="1" failures="0" timestamp="21 Apr 2015 03:04:17 GMT" time="164.893" errors="0">
  <testcase name="UBVR_AddManualRegistry" time="164.893" classname="KWS.prepare.t15_04_20_08_01_26"/>
</testsuite> <!-- KWS.prepare.t15_04_20_08_01_26 -->
