<?xml version="1.0" encoding="UTF-8"?>
<!-- Generated by org.testng.reporters.JUnitReportReporter -->
<testsuite hostname="GZ-QA-AutoTool" name="KWS.prepare.t15_04_09_02_36_07" tests="1" failures="0" timestamp="9 Apr 2015 09:37:05 GMT" time="52.823" errors="0">
  <testcase name="TestBaidu" time="52.823" classname="KWS.prepare.t15_04_09_02_36_07"/>
</testsuite> <!-- KWS.prepare.t15_04_09_02_36_07 -->
