<?xml version="1.0" encoding="UTF-8"?>
<!-- Generated by org.testng.reporters.JUnitReportReporter -->
<testsuite hostname="GZ-QA-AutoTool" name="KWS.prepare.t15_04_12_08_51_00" tests="1" failures="0" timestamp="13 Apr 2015 03:52:29 GMT" time="80.919" errors="0">
  <testcase name="Createliteprofilewithnewaccount" time="80.919" classname="KWS.prepare.t15_04_12_08_51_00"/>
</testsuite> <!-- KWS.prepare.t15_04_12_08_51_00 -->
