<?xml version="1.0" encoding="UTF-8"?>
<!-- Generated by org.testng.reporters.JUnitReportReporter -->
<testsuite hostname="GZ-QA-AutoTool" name="KWS.prepare.t15_04_23_09_19_15" tests="1" failures="0" timestamp="24 Apr 2015 04:20:03 GMT" time="39.780" errors="0">
  <testcase name="loginadmin" time="39.780" classname="KWS.prepare.t15_04_23_09_19_15"/>
</testsuite> <!-- KWS.prepare.t15_04_23_09_19_15 -->
