<?xml version="1.0" encoding="UTF-8"?>
<!-- Generated by org.testng.reporters.JUnitReportReporter -->
<testsuite hostname="GZ-QA-AutoTool" name="KWS.prepare.t15_04_21_04_08_03" tests="1" failures="0" timestamp="21 Apr 2015 11:09:15 GMT" time="63.446" errors="0">
  <testcase name="TK_UBVR_CharitySetting" time="63.446" classname="KWS.prepare.t15_04_21_04_08_03"/>
</testsuite> <!-- KWS.prepare.t15_04_21_04_08_03 -->
