<?xml version="1.0" encoding="UTF-8"?>
<!-- Generated by org.testng.reporters.JUnitReportReporter -->
<testsuite hostname="GZ-QA-AutoTool" name="KWS.prepare.t15_04_21_11_23_25" tests="1" failures="0" timestamp="22 Apr 2015 06:35:06 GMT" time="691.163" errors="0">
  <testcase name="TK_UBVR_Share" time="691.163" classname="KWS.prepare.t15_04_21_11_23_25"/>
</testsuite> <!-- KWS.prepare.t15_04_21_11_23_25 -->
