<?xml version="1.0" encoding="UTF-8"?>
<!-- Generated by org.testng.reporters.JUnitReportReporter -->
<testsuite hostname="GZ-Shawn" name="KWS.prepare.t15042701233051" tests="1" failures="0" timestamp="27 Apr 2015 11:23:46 GMT" time="14.368" errors="0">
  <testcase name="TK_UBVR_AddManualRegistry" time="14.368" classname="KWS.prepare.t15042701233051"/>
</testsuite> <!-- KWS.prepare.t15042701233051 -->
