<?xml version="1.0" encoding="UTF-8"?>
<!-- Generated by org.testng.reporters.JUnitReportReporter -->
<testsuite hostname="GZ-QA-AutoTool" name="KWS.prepare.t15_04_21_09_54_18" tests="1" failures="0" timestamp="22 Apr 2015 04:54:29 GMT" time="4.373" errors="0">
  <testcase name="TB_UBVR_Login" time="4.373" classname="KWS.prepare.t15_04_21_09_54_18"/>
</testsuite> <!-- KWS.prepare.t15_04_21_09_54_18 -->
