<?xml version="1.0" encoding="UTF-8"?>
<!-- Generated by org.testng.reporters.JUnitReportReporter -->
<testsuite hostname="GZ-Shawn" name="KWS.prepare.t15042712492231" tests="1" failures="0" timestamp="27 Apr 2015 10:50:20 GMT" time="56.373" errors="0">
  <testcase name="TK_UBVR_AddManualRegistry" time="56.373" classname="KWS.prepare.t15042712492231"/>
</testsuite> <!-- KWS.prepare.t15042712492231 -->
