<?xml version="1.0" encoding="UTF-8"?>
<!-- Generated by org.testng.reporters.JUnitReportReporter -->
<testsuite hostname="GZ-QA-AutoTool" name="KWS.prepare.t15_04_19_09_04_43" tests="1" failures="0" timestamp="20 Apr 2015 04:05:11 GMT" time="22.947" errors="0">
  <testcase name="Sendreviewrequestemail" time="22.947" classname="KWS.prepare.t15_04_19_09_04_43"/>
</testsuite> <!-- KWS.prepare.t15_04_19_09_04_43 -->
