<?xml version="1.0" encoding="UTF-8"?>
<!-- Generated by org.testng.reporters.JUnitReportReporter -->
<testsuite hostname="GZ-QA-AutoTool" name="KWS.prepare.t15_04_08_11_20_57" tests="1" failures="0" timestamp="9 Apr 2015 06:21:50 GMT" time="48.081" errors="0">
  <testcase name="Createfreemiumprofilewithnewaccount" time="48.081" classname="KWS.prepare.t15_04_08_11_20_57"/>
</testsuite> <!-- KWS.prepare.t15_04_08_11_20_57 -->
