<?xml version="1.0" encoding="UTF-8"?>
<!-- Generated by org.testng.reporters.JUnitReportReporter -->
<testsuite hostname="GZ-QA-AutoTool" name="KWS.prepare.t15_04_14_02_29_08" tests="1" failures="0" timestamp="14 Apr 2015 09:29:56 GMT" time="42.604" errors="0">
  <testcase name="Sendreviewrequestemail" time="42.604" classname="KWS.prepare.t15_04_14_02_29_08"/>
</testsuite> <!-- KWS.prepare.t15_04_14_02_29_08 -->
