<?xml version="1.0" encoding="UTF-8"?>
<!-- Generated by org.testng.reporters.JUnitReportReporter -->
<testsuite hostname="GZ-QA-AutoTool" name="KWS.prepare.t15_04_14_02_46_38" tests="1" failures="0" timestamp="14 Apr 2015 09:46:50 GMT" time="7.176" errors="0">
  <testcase name="Verifylinktoprofilepageviaclickviewlivestorefrontlink" time="7.176" classname="KWS.prepare.t15_04_14_02_46_38"/>
</testsuite> <!-- KWS.prepare.t15_04_14_02_46_38 -->
