<?xml version="1.0" encoding="UTF-8"?>
<!-- Generated by org.testng.reporters.JUnitReportReporter -->
<testsuite hostname="GZ-QA-AutoTool" name="KWS.prepare.t15_04_09_03_31_40" tests="1" failures="0" timestamp="9 Apr 2015 10:31:53 GMT" time="5.085" errors="0">
  <testcase name="TestBaidu" time="5.085" classname="KWS.prepare.t15_04_09_03_31_40"/>
</testsuite> <!-- KWS.prepare.t15_04_09_03_31_40 -->
