<?xml version="1.0" encoding="UTF-8"?>
<!-- Generated by org.testng.reporters.JUnitReportReporter -->
<testsuite hostname="GZ-Shawn" name="KWS.prepare.t15042902342050" tests="1" failures="0" timestamp="29 Apr 2015 06:34:46 GMT" time="24.335" errors="0">
  <testcase name="TK_UBVR_AddExistingRegistryByCoupleSearchAndRemove" time="24.335" classname="KWS.prepare.t15042902342050"/>
</testsuite> <!-- KWS.prepare.t15042902342050 -->
