<?xml version="1.0" encoding="UTF-8"?>
<!-- Generated by org.testng.reporters.JUnitReportReporter -->
<testsuite hostname="GZ-QA-AutoTool" name="KWS.prepare.t15_03_31_03_09_06" tests="1" failures="0" timestamp="31 Mar 2015 10:13:03 GMT" time="232.134" errors="0">
  <testcase name="_194899TKRegistryCoupleSearchUGVR" time="232.134" classname="KWS.prepare.t15_03_31_03_09_06"/>
</testsuite> <!-- KWS.prepare.t15_03_31_03_09_06 -->
