<?xml version="1.0" encoding="UTF-8"?>
<!-- Generated by org.testng.reporters.JUnitReportReporter -->
<testsuite hostname="GZ-Stone" name="KWS.prepare.t15_03_11_08_29_21" tests="1" failures="0" timestamp="11 Mar 2015 08:29:45 GMT" time="16.236" errors="0">
  <testcase name="test" time="16.236" classname="KWS.prepare.t15_03_11_08_29_21"/>
</testsuite> <!-- KWS.prepare.t15_03_11_08_29_21 -->
