<?xml version="1.0" encoding="UTF-8"?>
<!-- Generated by org.testng.reporters.JUnitReportReporter -->
<testsuite hostname="GZ-QA-AutoTool" name="KWS.prepare.t15_04_21_11_21_31" tests="1" failures="0" timestamp="22 Apr 2015 06:24:41 GMT" time="179.588" errors="0">
  <testcase name="TB_UBVR_Login" time="179.588" classname="KWS.prepare.t15_04_21_11_21_31"/>
</testsuite> <!-- KWS.prepare.t15_04_21_11_21_31 -->
