<?xml version="1.0" encoding="UTF-8"?>
<!-- Generated by org.testng.reporters.JUnitReportReporter -->
<testsuite hostname="GZ-QA-AutoTool" name="KWS.prepare.t15_04_20_09_51_59" tests="1" failures="0" timestamp="21 Apr 2015 04:58:01 GMT" time="351.767" errors="0">
  <testcase name="TB_UBVR_Login" time="351.767" classname="KWS.prepare.t15_04_20_09_51_59"/>
</testsuite> <!-- KWS.prepare.t15_04_20_09_51_59 -->
