<?xml version="1.0" encoding="UTF-8"?>
<!-- Generated by org.testng.reporters.JUnitReportReporter -->
<testsuite hostname="GZ-QA-AutoTool" name="KWS.prepare.t15_04_23_02_16_15" tests="1" failures="0" timestamp="23 Apr 2015 09:18:17 GMT" time="116.080" errors="0">
  <testcase name="TB_UBVR_Login" time="116.080" classname="KWS.prepare.t15_04_23_02_16_15"/>
</testsuite> <!-- KWS.prepare.t15_04_23_02_16_15 -->
