<?xml version="1.0" encoding="UTF-8"?>
<!-- Generated by org.testng.reporters.JUnitReportReporter -->
<testsuite hostname="GZ-Stone" name="KWS.prepare.t15_03_12_07_52_20" tests="1" failures="0" timestamp="12 Mar 2015 07:52:56 GMT" time="19.451" errors="0">
  <testcase name="TestBaidu" time="19.451" classname="KWS.prepare.t15_03_12_07_52_20"/>
</testsuite> <!-- KWS.prepare.t15_03_12_07_52_20 -->
