<?xml version="1.0" encoding="UTF-8"?>
<!-- Generated by org.testng.reporters.JUnitReportReporter -->
<testsuite hostname="GZ-QA-AutoTool" name="KWS.prepare.t15_04_08_09_42_05" tests="1" failures="0" timestamp="9 Apr 2015 04:42:13 GMT" time="2.106" errors="0">
  <testcase name="loginadmin" time="2.106" classname="KWS.prepare.t15_04_08_09_42_05"/>
</testsuite> <!-- KWS.prepare.t15_04_08_09_42_05 -->
