<?xml version="1.0" encoding="UTF-8"?>
<!-- Generated by org.testng.reporters.JUnitReportReporter -->
<testsuite hostname="GZ-QA-AutoTool" name="KWS.prepare.t15_04_21_09_30_52" tests="1" failures="0" timestamp="22 Apr 2015 04:34:34 GMT" time="211.444" errors="0">
  <testcase name="TB_UBVR_Login" time="211.444" classname="KWS.prepare.t15_04_21_09_30_52"/>
</testsuite> <!-- KWS.prepare.t15_04_21_09_30_52 -->
