<?xml version="1.0" encoding="UTF-8"?>
<!-- Generated by org.testng.reporters.JUnitReportReporter -->
<testsuite hostname="GZ-Shawn" name="KWS.prepare.t15042711594530" tests="1" failures="0" timestamp="27 Apr 2015 10:04:20 GMT" time="55.481" errors="0">
  <testcase name="TK_UBVR_AddManualRegistry" time="55.481" classname="KWS.prepare.t15042711594530"/>
</testsuite> <!-- KWS.prepare.t15042711594530 -->
