<?xml version="1.0" encoding="UTF-8"?>
<!-- Generated by org.testng.reporters.JUnitReportReporter -->
<testsuite hostname="GZ-QA-AutoTool" name="KWS.prepare.t15_04_14_02_03_54" tests="1" failures="0" timestamp="14 Apr 2015 09:04:42 GMT" time="42.214" errors="0">
  <testcase name="Addlogoforprofile" time="42.214" classname="KWS.prepare.t15_04_14_02_03_54"/>
</testsuite> <!-- KWS.prepare.t15_04_14_02_03_54 -->
