<?xml version="1.0" encoding="UTF-8"?>
<!-- Generated by org.testng.reporters.JUnitReportReporter -->
<testsuite hostname="GZ-QA-AutoTool" name="KWS.prepare.t15_04_09_01_57_01" tests="1" failures="0" timestamp="9 Apr 2015 08:57:09 GMT" time="2.792" errors="0">
  <testcase name="Createfreemiumprofilewithnewaccount" time="2.792" classname="KWS.prepare.t15_04_09_01_57_01"/>
</testsuite> <!-- KWS.prepare.t15_04_09_01_57_01 -->
