<?xml version="1.0" encoding="UTF-8"?>
<!-- Generated by org.testng.reporters.JUnitReportReporter -->
<testsuite hostname="GZ-QA-AutoTool" name="KWS.prepare.t15_04_23_09_24_29" tests="1" failures="0" timestamp="24 Apr 2015 04:25:05 GMT" time="28.377" errors="0">
  <testcase name="loginadmin" time="28.377" classname="KWS.prepare.t15_04_23_09_24_29"/>
</testsuite> <!-- KWS.prepare.t15_04_23_09_24_29 -->
