<?xml version="1.0" encoding="UTF-8"?>
<!-- Generated by org.testng.reporters.JUnitReportReporter -->
<testsuite hostname="GZ-QA-AutoTool" name="KWS.prepare.t15_04_17_03_13_01" tests="1" failures="0" timestamp="17 Apr 2015 10:13:49 GMT" time="41.730" errors="0">
  <testcase name="LOGIN" time="41.730" classname="KWS.prepare.t15_04_17_03_13_01"/>
</testsuite> <!-- KWS.prepare.t15_04_17_03_13_01 -->
