<?xml version="1.0" encoding="UTF-8"?>
<!-- Generated by org.testng.reporters.JUnitReportReporter -->
<testsuite hostname="GZ-QA-AutoTool" name="KWS.prepare.t15_04_09_12_15_14" tests="1" failures="0" timestamp="9 Apr 2015 07:15:48 GMT" time="7.049" errors="0">
  <testcase name="TestBaidu" time="7.049" classname="KWS.prepare.t15_04_09_12_15_14"/>
</testsuite> <!-- KWS.prepare.t15_04_09_12_15_14 -->
