<?xml version="1.0" encoding="UTF-8"?>
<!-- Generated by org.testng.reporters.JUnitReportReporter -->
<testsuite hostname="GZ-QA-AutoTool" name="KWS.prepare.t15_04_17_03_31_34" tests="1" failures="0" timestamp="17 Apr 2015 10:33:08 GMT" time="76.488" errors="0">
  <testcase name="LOGIN" time="76.488" classname="KWS.prepare.t15_04_17_03_31_34"/>
</testsuite> <!-- KWS.prepare.t15_04_17_03_31_34 -->
