<?xml version="1.0" encoding="UTF-8"?>
<!-- Generated by org.testng.reporters.JUnitReportReporter -->
<testsuite hostname="GZ-QA-AutoTool" name="KWS.prepare.t15_04_17_02_57_11" tests="1" failures="0" timestamp="17 Apr 2015 09:58:28 GMT" time="68.562" errors="0">
  <testcase name="LOGIN" time="68.562" classname="KWS.prepare.t15_04_17_02_57_11"/>
</testsuite> <!-- KWS.prepare.t15_04_17_02_57_11 -->
