<?xml version="1.0" encoding="UTF-8"?>
<!-- Generated by org.testng.reporters.JUnitReportReporter -->
<testsuite hostname="GZ-Shawn" name="KWS.prepare.t15042805402485" tests="1" failures="0" timestamp="28 Apr 2015 03:40:37 GMT" time="10.663" errors="0">
  <testcase name="TK_UBVR_AddManualRegistry" time="10.663" classname="KWS.prepare.t15042805402485"/>
</testsuite> <!-- KWS.prepare.t15042805402485 -->
