<?xml version="1.0" encoding="UTF-8"?>
<!-- Generated by org.testng.reporters.JUnitReportReporter -->
<testsuite hostname="GZ-Shawn" name="KWS.prepare.t15042805442684" tests="1" failures="0" timestamp="28 Apr 2015 03:44:41 GMT" time="13.143" errors="0">
  <testcase name="TK_UBVR_AddManualRegistry" time="13.143" classname="KWS.prepare.t15042805442684"/>
</testsuite> <!-- KWS.prepare.t15042805442684 -->
