<?xml version="1.0" encoding="UTF-8"?>
<!-- Generated by org.testng.reporters.JUnitReportReporter -->
<testsuite hostname="GZ-QA-AutoTool" name="KWS.prepare.t15_04_14_09_53_02" tests="1" failures="0" timestamp="15 Apr 2015 04:53:20 GMT" time="4.899" errors="0">
  <testcase name="TestBaidu" time="4.899" classname="KWS.prepare.t15_04_14_09_53_02"/>
</testsuite> <!-- KWS.prepare.t15_04_14_09_53_02 -->
