<?xml version="1.0" encoding="UTF-8"?>
<!-- Generated by org.testng.reporters.JUnitReportReporter -->
<testsuite hostname="GZ-Shawn" name="KWS.prepare.t15042805343364" tests="1" failures="0" timestamp="28 Apr 2015 03:34:46 GMT" time="11.637" errors="0">
  <testcase name="TK_UBVR_AddManualRegistry" time="11.637" classname="KWS.prepare.t15042805343364"/>
</testsuite> <!-- KWS.prepare.t15042805343364 -->
