<?xml version="1.0" encoding="UTF-8"?>
<!-- Generated by org.testng.reporters.JUnitReportReporter -->
<testsuite hostname="GZ-QA-AutoTool" name="KWS.prepare.t15_04_08_11_19_47" tests="1" failures="0" timestamp="9 Apr 2015 06:20:32 GMT" time="39.906" errors="0">
  <testcase name="Createfreemiumprofilewithnewaccount" time="39.906" classname="KWS.prepare.t15_04_08_11_19_47"/>
</testsuite> <!-- KWS.prepare.t15_04_08_11_19_47 -->
