<?xml version="1.0" encoding="UTF-8"?>
<!-- Generated by org.testng.reporters.JUnitReportReporter -->
<testsuite hostname="GZ-Shawn" name="KWS.prepare.t15042902245251" tests="1" failures="0" timestamp="29 Apr 2015 06:25:16 GMT" time="21.953" errors="0">
  <testcase name="Createfreemiumprofilelinktoexistingfreemiumaccount" time="21.953" classname="KWS.prepare.t15042902245251"/>
</testsuite> <!-- KWS.prepare.t15042902245251 -->
