<?xml version="1.0" encoding="UTF-8"?>
<!-- Generated by org.testng.reporters.JUnitReportReporter -->
<testsuite hostname="GZ-Shawn" name="KWS.prepare.t15042805472963" tests="1" failures="0" timestamp="28 Apr 2015 03:47:44 GMT" time="12.709" errors="0">
  <testcase name="TK_UBVR_AddManualRegistry" time="12.709" classname="KWS.prepare.t15042805472963"/>
</testsuite> <!-- KWS.prepare.t15042805472963 -->
