<?xml version="1.0" encoding="UTF-8"?>
<!-- Generated by org.testng.reporters.JUnitReportReporter -->
<testsuite hostname="GZ-QA-AutoTool" name="KWS.prepare.t15_03_24_11_13_48" tests="1" failures="0" timestamp="25 Mar 2015 06:15:19 GMT" time="85.678" errors="0">
  <testcase name="_194899TKRegistryCoupleSearchUGVR" time="85.678" classname="KWS.prepare.t15_03_24_11_13_48"/>
</testsuite> <!-- KWS.prepare.t15_03_24_11_13_48 -->
