<?xml version="1.0" encoding="UTF-8"?>
<!-- Generated by org.testng.reporters.JUnitReportReporter -->
<testsuite hostname="GZ-QA-AutoTool" name="KWS.prepare.t15_04_17_03_02_26" tests="1" failures="0" timestamp="17 Apr 2015 10:03:35 GMT" time="63.711" errors="0">
  <testcase name="LOGIN" time="63.711" classname="KWS.prepare.t15_04_17_03_02_26"/>
</testsuite> <!-- KWS.prepare.t15_04_17_03_02_26 -->
