<?xml version="1.0" encoding="UTF-8"?>
<!-- Generated by org.testng.reporters.JUnitReportReporter -->
<testsuite hostname="GZ-QA-AutoTool" name="KWS.prepare.t15_04_14_02_50_22" tests="1" failures="0" timestamp="14 Apr 2015 09:54:50 GMT" time="263.491" errors="0">
  <testcase name="Sendreviewrequestemail" time="263.491" classname="KWS.prepare.t15_04_14_02_50_22"/>
</testsuite> <!-- KWS.prepare.t15_04_14_02_50_22 -->
