<?xml version="1.0" encoding="UTF-8"?>
<!-- Generated by org.testng.reporters.JUnitReportReporter -->
<testsuite hostname="GZ-QA-AutoTool" name="KWS.prepare.t15_04_08_02_52_14" tests="1" failures="0" timestamp="8 Apr 2015 09:53:01 GMT" time="40.109" errors="0">
  <testcase name="loginadmin" time="40.109" classname="KWS.prepare.t15_04_08_02_52_14"/>
</testsuite> <!-- KWS.prepare.t15_04_08_02_52_14 -->
