<?xml version="1.0" encoding="UTF-8"?>
<!-- Generated by org.testng.reporters.JUnitReportReporter -->
<testsuite hostname="GZ-QA-AutoTool" name="KWS.prepare.t15_04_20_04_02_13" tests="1" failures="0" timestamp="20 Apr 2015 11:03:31 GMT" time="71.120" errors="0">
  <testcase name="UBVR_AddManualRegistry" time="71.120" classname="KWS.prepare.t15_04_20_04_02_13"/>
</testsuite> <!-- KWS.prepare.t15_04_20_04_02_13 -->
