<?xml version="1.0" encoding="UTF-8"?>
<!-- Generated by org.testng.reporters.JUnitReportReporter -->
<testsuite hostname="GZ-Shawn" name="KWS.prepare.t15042804274812" tests="1" failures="0" timestamp="28 Apr 2015 02:28:42 GMT" time="51.425" errors="0">
  <testcase name="TK_UBVR_AddManualRegistry" time="51.425" classname="KWS.prepare.t15042804274812"/>
</testsuite> <!-- KWS.prepare.t15042804274812 -->
