<?xml version="1.0" encoding="UTF-8"?>
<!-- Generated by org.testng.reporters.JUnitReportReporter -->
<testsuite hostname="GZ-Shawn" name="KWS.prepare.t15042807005126" tests="1" failures="0" timestamp="28 Apr 2015 05:02:54 GMT" time="121.331" errors="0">
  <testcase name="TK_UBVR_AddManualRegistry" time="121.331" classname="KWS.prepare.t15042807005126"/>
</testsuite> <!-- KWS.prepare.t15042807005126 -->
