<?xml version="1.0" encoding="UTF-8"?>
<!-- Generated by org.testng.reporters.JUnitReportReporter -->
<testsuite hostname="GZ-Shawn" name="KWS.prepare.t15042806165554" tests="1" failures="0" timestamp="28 Apr 2015 04:17:08 GMT" time="10.862" errors="0">
  <testcase name="TK_UBVR_AddManualRegistry" time="10.862" classname="KWS.prepare.t15042806165554"/>
</testsuite> <!-- KWS.prepare.t15042806165554 -->
