<?xml version="1.0" encoding="UTF-8"?>
<!-- Generated by org.testng.reporters.JUnitReportReporter -->
<testsuite hostname="GZ-QA-AutoTool" name="KWS.prepare.t15_04_09_09_07_02" tests="1" failures="0" timestamp="10 Apr 2015 04:08:02 GMT" time="52.651" errors="0">
  <testcase name="Createliteprofilewithnewaccount" time="52.651" classname="KWS.prepare.t15_04_09_09_07_02"/>
</testsuite> <!-- KWS.prepare.t15_04_09_09_07_02 -->
