<?xml version="1.0" encoding="UTF-8"?>
<!-- Generated by org.testng.reporters.JUnitReportReporter -->
<testsuite hostname="GZ-QA-AutoTool" name="KWS.prepare.t15_04_23_12_33_45" tests="1" failures="0" timestamp="23 Apr 2015 07:34:21 GMT" time="26.489" errors="0">
  <testcase name="TB_UBVR_Login" time="26.489" classname="KWS.prepare.t15_04_23_12_33_45"/>
</testsuite> <!-- KWS.prepare.t15_04_23_12_33_45 -->
