<?xml version="1.0" encoding="UTF-8"?>
<!-- Generated by org.testng.reporters.JUnitReportReporter -->
<testsuite hostname="GZ-QA-AutoTool" name="KWS.prepare.t15_04_19_08_18_23" tests="1" failures="0" timestamp="20 Apr 2015 03:19:31 GMT" time="54.850" errors="0">
  <testcase name="seach" time="54.850" classname="KWS.prepare.t15_04_19_08_18_23"/>
</testsuite> <!-- KWS.prepare.t15_04_19_08_18_23 -->
