<?xml version="1.0" encoding="UTF-8"?>
<!-- Generated by org.testng.reporters.JUnitReportReporter -->
<testsuite hostname="GZ-QA-AutoTool" name="KWS.prepare.t15_03_31_08_37_16" tests="1" failures="0" timestamp="1 Apr 2015 03:39:03 GMT" time="102.557" errors="0">
  <testcase name="_194899TKRegistryCoupleSearchUGVR" time="102.557" classname="KWS.prepare.t15_03_31_08_37_16"/>
</testsuite> <!-- KWS.prepare.t15_03_31_08_37_16 -->
