<?xml version="1.0" encoding="UTF-8"?>
<!-- Generated by org.testng.reporters.JUnitReportReporter -->
<testsuite hostname="GZ-QA-AutoTool" name="KWS.prepare.t15_04_22_12_09_49" tests="1" failures="0" timestamp="22 Apr 2015 07:10:19 GMT" time="22.402" errors="0">
  <testcase name="dhd" time="22.402" classname="KWS.prepare.t15_04_22_12_09_49"/>
</testsuite> <!-- KWS.prepare.t15_04_22_12_09_49 -->
