<?xml version="1.0" encoding="UTF-8"?>
<!-- Generated by org.testng.reporters.JUnitReportReporter -->
<testsuite hostname="GZ-Shawn" name="KWS.prepare.t15042712054440" tests="1" failures="0" timestamp="27 Apr 2015 10:08:58 GMT" time="121.713" errors="0">
  <testcase name="TK_UBVR_AddManualRegistry" time="121.713" classname="KWS.prepare.t15042712054440"/>
</testsuite> <!-- KWS.prepare.t15042712054440 -->
