<?xml version="1.0" encoding="UTF-8"?>
<!-- Generated by org.testng.reporters.JUnitReportReporter -->
<testsuite hostname="GZ-QA-AutoTool" name="KWS.prepare.t15_04_13_03_56_44" tests="1" failures="0" timestamp="13 Apr 2015 10:57:24 GMT" time="34.087" errors="0">
  <testcase name="Impersonatevendortomyaccount" time="34.087" classname="KWS.prepare.t15_04_13_03_56_44"/>
</testsuite> <!-- KWS.prepare.t15_04_13_03_56_44 -->
