<?xml version="1.0" encoding="UTF-8"?>
<!-- Generated by org.testng.reporters.JUnitReportReporter -->
<testsuite hostname="GZ-Stone" name="KWS.prepare.t15_03_11_06_58_30" tests="1" failures="0" timestamp="11 Mar 2015 06:59:17 GMT" time="42.791" errors="0">
  <testcase name="TestBaidu344" time="42.791" classname="KWS.prepare.t15_03_11_06_58_30"/>
</testsuite> <!-- KWS.prepare.t15_03_11_06_58_30 -->
