<?xml version="1.0" encoding="UTF-8"?>
<!-- Generated by org.testng.reporters.JUnitReportReporter -->
<testsuite hostname="GZ-QA-AutoTool" name="KWS.prepare.t15_04_02_04_00_23" tests="1" failures="0" timestamp="2 Apr 2015 11:01:52 GMT" time="75.428" errors="0">
  <testcase name="_194899TKRegistryCoupleSearchUGVR" time="75.428" classname="KWS.prepare.t15_04_02_04_00_23"/>
</testsuite> <!-- KWS.prepare.t15_04_02_04_00_23 -->
