<?xml version="1.0" encoding="UTF-8"?>
<!-- Generated by org.testng.reporters.JUnitReportReporter -->
<testsuite hostname="GZ-QA-AutoTool" name="KWS.prepare.t15_04_08_07_57_25" tests="1" failures="0" timestamp="9 Apr 2015 02:57:36 GMT" time="3.963" errors="0">
  <testcase name="loginadmin" time="3.963" classname="KWS.prepare.t15_04_08_07_57_25"/>
</testsuite> <!-- KWS.prepare.t15_04_08_07_57_25 -->
