<?xml version="1.0" encoding="UTF-8"?>
<!-- Generated by org.testng.reporters.JUnitReportReporter -->
<testsuite hostname="GZ-QA-AutoTool" name="KWS.prepare.t15_04_14_02_49_13" tests="1" failures="0" timestamp="14 Apr 2015 09:49:24 GMT" time="6.349" errors="0">
  <testcase name="Verifylinktoprofilepageviaclickviewlivestorefrontlink" time="6.349" classname="KWS.prepare.t15_04_14_02_49_13"/>
</testsuite> <!-- KWS.prepare.t15_04_14_02_49_13 -->
