<?xml version="1.0" encoding="UTF-8"?>
<!-- Generated by org.testng.reporters.JUnitReportReporter -->
<testsuite hostname="GZ-Shawn" name="KWS.prepare.t15042701304488" tests="1" failures="0" timestamp="27 Apr 2015 11:31:42 GMT" time="56.612" errors="0">
  <testcase name="TK_UBVR_AddManualRegistry" time="56.612" classname="KWS.prepare.t15042701304488"/>
</testsuite> <!-- KWS.prepare.t15042701304488 -->
