<?xml version="1.0" encoding="UTF-8"?>
<!-- Generated by org.testng.reporters.JUnitReportReporter -->
<testsuite hostname="GZ-QA-AutoTool" name="KWS.prepare.t15_04_20_08_46_10" tests="1" failures="0" timestamp="21 Apr 2015 03:46:22 GMT" time="4.150" errors="0">
  <testcase name="TB_UBVR_Login" time="4.150" classname="KWS.prepare.t15_04_20_08_46_10"/>
</testsuite> <!-- KWS.prepare.t15_04_20_08_46_10 -->
