<?xml version="1.0" encoding="UTF-8"?>
<!-- Generated by org.testng.reporters.JUnitReportReporter -->
<testsuite hostname="GZ-QA-AutoTool" name="KWS.prepare.t15_04_17_03_30_26" tests="1" failures="0" timestamp="17 Apr 2015 10:31:23 GMT" time="7.426" errors="0">
  <testcase name="LOGIN" time="7.426" classname="KWS.prepare.t15_04_17_03_30_26"/>
</testsuite> <!-- KWS.prepare.t15_04_17_03_30_26 -->
