<?xml version="1.0" encoding="UTF-8"?>
<!-- Generated by org.testng.reporters.JUnitReportReporter -->
<testsuite hostname="GZ-Shawn" name="KWS.prepare.t15042806375847" tests="1" failures="0" timestamp="28 Apr 2015 04:40:05 GMT" time="125.631" errors="0">
  <testcase name="TK_UBVR_AddManualRegistry" time="125.631" classname="KWS.prepare.t15042806375847"/>
</testsuite> <!-- KWS.prepare.t15042806375847 -->
