<?xml version="1.0" encoding="UTF-8"?>
<!-- Generated by org.testng.reporters.JUnitReportReporter -->
<testsuite hostname="GZ-QA-AutoTool" name="KWS.prepare.t15_04_09_01_54_42" tests="1" failures="0" timestamp="9 Apr 2015 08:54:53 GMT" time="3.900" errors="0">
  <testcase name="Createfreemiumprofilewithnewaccount" time="3.900" classname="KWS.prepare.t15_04_09_01_54_42"/>
</testsuite> <!-- KWS.prepare.t15_04_09_01_54_42 -->
