<?xml version="1.0" encoding="UTF-8"?>
<!-- Generated by org.testng.reporters.JUnitReportReporter -->
<testsuite hostname="GZ-QA-AutoTool" name="KWS.prepare.t15_03_31_08_25_11" tests="1" failures="0" timestamp="1 Apr 2015 03:27:09 GMT" time="108.314" errors="0">
  <testcase name="_194899TKRegistryCoupleSearchUGVR" time="108.314" classname="KWS.prepare.t15_03_31_08_25_11"/>
</testsuite> <!-- KWS.prepare.t15_03_31_08_25_11 -->
