<?xml version="1.0" encoding="UTF-8"?>
<!-- Generated by org.testng.reporters.JUnitReportReporter -->
<testsuite hostname="GZ-QA-AutoTool" name="KWS.prepare.t15_04_14_01_30_15" tests="1" failures="0" timestamp="14 Apr 2015 08:30:52 GMT" time="24.852" errors="0">
  <testcase name="Impersonatevendortomyaccount" time="24.852" classname="KWS.prepare.t15_04_14_01_30_15"/>
</testsuite> <!-- KWS.prepare.t15_04_14_01_30_15 -->
