<?xml version="1.0" encoding="UTF-8"?>
<!-- Generated by org.testng.reporters.JUnitReportReporter -->
<testsuite hostname="GZ-QA-AutoTool" name="KWS.prepare.t15_04_14_01_33_12" tests="1" failures="0" timestamp="14 Apr 2015 08:34:09 GMT" time="50.639" errors="0">
  <testcase name="Impersonatevendortomyaccount" time="50.639" classname="KWS.prepare.t15_04_14_01_33_12"/>
</testsuite> <!-- KWS.prepare.t15_04_14_01_33_12 -->
