<?xml version="1.0" encoding="UTF-8"?>
<!-- Generated by org.testng.reporters.JUnitReportReporter -->
<testsuite hostname="GZ-Shawn" name="KWS.prepare.t15042804172348" tests="1" failures="0" timestamp="28 Apr 2015 02:18:30 GMT" time="57.975" errors="0">
  <testcase name="TK_UBVR_AddManualRegistry" time="57.975" classname="KWS.prepare.t15042804172348"/>
</testsuite> <!-- KWS.prepare.t15042804172348 -->
