<?xml version="1.0" encoding="UTF-8"?>
<!-- Generated by org.testng.reporters.JUnitReportReporter -->
<testsuite hostname="GZ-QA-AutoTool" name="KWS.prepare.t15_04_12_08_40_25" tests="1" failures="0" timestamp="13 Apr 2015 03:41:04 GMT" time="24.945" errors="0">
  <testcase name="Createfreemiumprofilewithnewaccount" time="24.945" classname="KWS.prepare.t15_04_12_08_40_25"/>
</testsuite> <!-- KWS.prepare.t15_04_12_08_40_25 -->
