<?xml version="1.0" encoding="UTF-8"?>
<!-- Generated by org.testng.reporters.JUnitReportReporter -->
<testsuite hostname="GZ-QA-AutoTool" name="KWS.prepare.t15_04_17_03_06_21" tests="1" failures="0" timestamp="17 Apr 2015 10:06:31 GMT" time="2.871" errors="0">
  <testcase name="LOGIN" time="2.871" classname="KWS.prepare.t15_04_17_03_06_21"/>
</testsuite> <!-- KWS.prepare.t15_04_17_03_06_21 -->
