<?xml version="1.0" encoding="UTF-8"?>
<!-- Generated by org.testng.reporters.JUnitReportReporter -->
<testsuite hostname="GZ-Shawn" name="KWS.prepare.t15042805584661" tests="1" failures="0" timestamp="28 Apr 2015 03:59:01 GMT" time="13.014" errors="0">
  <testcase name="TK_UBVR_AddManualRegistry" time="13.014" classname="KWS.prepare.t15042805584661"/>
</testsuite> <!-- KWS.prepare.t15042805584661 -->
