<?xml version="1.0" encoding="UTF-8"?>
<!-- Generated by org.testng.reporters.JUnitReportReporter -->
<testsuite hostname="GZ-QA-AutoTool" name="KWS.prepare.t15_03_23_04_14_30" tests="1" failures="0" timestamp="23 Mar 2015 11:15:12 GMT" time="26.021" errors="0">
  <testcase name="_194899TKRegistryCoupleSearchUGVR" time="26.021" classname="KWS.prepare.t15_03_23_04_14_30"/>
</testsuite> <!-- KWS.prepare.t15_03_23_04_14_30 -->
