<?xml version="1.0" encoding="UTF-8"?>
<!-- Generated by org.testng.reporters.JUnitReportReporter -->
<testsuite hostname="GZ-QA-AutoTool" name="KWS.prepare.t15_04_14_02_40_00" tests="1" failures="0" timestamp="14 Apr 2015 09:40:12 GMT" time="6.303" errors="0">
  <testcase name="Verifylinktoprofilepageviaclickviewlivestorefrontlink" time="6.303" classname="KWS.prepare.t15_04_14_02_40_00"/>
</testsuite> <!-- KWS.prepare.t15_04_14_02_40_00 -->
