<?xml version="1.0" encoding="UTF-8"?>
<!-- Generated by org.testng.reporters.JUnitReportReporter -->
<testsuite hostname="GZ-Shawn" name="KWS.prepare.t15042808071849" tests="1" failures="0" timestamp="28 Apr 2015 06:09:49 GMT" time="137.702" errors="0">
  <testcase name="TK_UBVR_AddManualRegistry" time="137.702" classname="KWS.prepare.t15042808071849"/>
</testsuite> <!-- KWS.prepare.t15042808071849 -->
