<?xml version="1.0" encoding="UTF-8"?>
<!-- Generated by org.testng.reporters.JUnitReportReporter -->
<testsuite hostname="GZ-QA-AutoTool" name="KWS.prepare.t15_04_21_08_24_18" tests="1" failures="0" timestamp="22 Apr 2015 03:24:36 GMT" time="9.937" errors="0">
  <testcase name="TB_UBVR_Login" time="9.937" classname="KWS.prepare.t15_04_21_08_24_18"/>
</testsuite> <!-- KWS.prepare.t15_04_21_08_24_18 -->
