<?xml version="1.0" encoding="UTF-8"?>
<!-- Generated by org.testng.reporters.JUnitReportReporter -->
<testsuite hostname="GZ-QA-AutoTool" name="KWS.prepare.t15_04_14_02_13_23" tests="1" failures="0" timestamp="14 Apr 2015 09:14:03 GMT" time="35.943" errors="0">
  <testcase name="Addlogoforprofile" time="35.943" classname="KWS.prepare.t15_04_14_02_13_23"/>
</testsuite> <!-- KWS.prepare.t15_04_14_02_13_23 -->
