<?xml version="1.0" encoding="UTF-8"?>
<!-- Generated by org.testng.reporters.JUnitReportReporter -->
<testsuite hostname="GZ-Shawn" name="KWS.prepare.t15042904274521" tests="1" failures="0" timestamp="29 Apr 2015 08:29:35 GMT" time="108.342" errors="0">
  <testcase name="TK_UBVR_AddManualRegistry" time="108.342" classname="KWS.prepare.t15042904274521"/>
</testsuite> <!-- KWS.prepare.t15042904274521 -->
