<?xml version="1.0" encoding="UTF-8"?>
<!-- Generated by org.testng.reporters.JUnitReportReporter -->
<testsuite hostname="GZ-QA-AutoTool" name="KWS.prepare.t15_03_24_09_27_23" tests="1" failures="0" timestamp="25 Mar 2015 04:28:34 GMT" time="55.741" errors="0">
  <testcase name="_194899TKRegistryCoupleSearchUGVR" time="55.741" classname="KWS.prepare.t15_03_24_09_27_23"/>
</testsuite> <!-- KWS.prepare.t15_03_24_09_27_23 -->
