<?xml version="1.0" encoding="UTF-8"?>
<!-- Generated by org.testng.reporters.JUnitReportReporter -->
<testsuite hostname="GZ-Stone" name="KWS.prepare.t15_03_12_07_53_45" tests="1" failures="0" timestamp="12 Mar 2015 07:54:22 GMT" time="23.331" errors="0">
  <testcase name="TestBaidu" time="23.331" classname="KWS.prepare.t15_03_12_07_53_45"/>
</testsuite> <!-- KWS.prepare.t15_03_12_07_53_45 -->
