<?xml version="1.0" encoding="UTF-8"?>
<!-- Generated by org.testng.reporters.JUnitReportReporter -->
<testsuite hostname="GZ-QA-AutoTool" name="KWS.prepare.t15_04_20_04_19_30" tests="1" failures="0" timestamp="20 Apr 2015 11:23:11 GMT" time="214.455" errors="0">
  <testcase name="UBVR_AddManualRegistry" time="214.455" classname="KWS.prepare.t15_04_20_04_19_30"/>
</testsuite> <!-- KWS.prepare.t15_04_20_04_19_30 -->
