<?xml version="1.0" encoding="UTF-8"?>
<!-- Generated by org.testng.reporters.JUnitReportReporter -->
<testsuite hostname="GZ-QA-AutoTool" name="KWS.prepare.t15_04_22_11_45_47" tests="1" failures="0" timestamp="23 Apr 2015 06:49:34 GMT" time="191.725" errors="0">
  <testcase name="TK_UBVR_Share" time="191.725" classname="KWS.prepare.t15_04_22_11_45_47"/>
</testsuite> <!-- KWS.prepare.t15_04_22_11_45_47 -->
