<?xml version="1.0" encoding="UTF-8"?>
<!-- Generated by org.testng.reporters.JUnitReportReporter -->
<testsuite hostname="GZ-QA-AutoTool" name="KWS.prepare.t15_04_21_12_59_07" tests="1" failures="0" timestamp="21 Apr 2015 08:02:48 GMT" time="214.985" errors="0">
  <testcase name="TK_UBVR_VerifyHideRegistryAndHideProducts" time="214.985" classname="KWS.prepare.t15_04_21_12_59_07"/>
</testsuite> <!-- KWS.prepare.t15_04_21_12_59_07 -->
