<?xml version="1.0" encoding="UTF-8"?>
<!-- Generated by org.testng.reporters.JUnitReportReporter -->
<testsuite hostname="GZ-Shawn" name="KWS.prepare.t15042806182090" tests="1" failures="0" timestamp="28 Apr 2015 04:18:34 GMT" time="11.827" errors="0">
  <testcase name="TK_UBVR_AddManualRegistry" time="11.827" classname="KWS.prepare.t15042806182090"/>
</testsuite> <!-- KWS.prepare.t15042806182090 -->
