<?xml version="1.0" encoding="UTF-8"?>
<!-- Generated by org.testng.reporters.JUnitReportReporter -->
<testsuite hostname="GZ-QA-AutoTool" name="KWS.prepare.t15_04_20_07_08_06" tests="1" failures="0" timestamp="21 Apr 2015 02:09:43 GMT" time="82.384" errors="0">
  <testcase name="UBVR_AddManualRegistry" time="82.384" classname="KWS.prepare.t15_04_20_07_08_06"/>
</testsuite> <!-- KWS.prepare.t15_04_20_07_08_06 -->
