<?xml version="1.0" encoding="UTF-8"?>
<!-- Generated by org.testng.reporters.JUnitReportReporter -->
<testsuite hostname="GZ-QA-AutoTool" name="KWS.prepare.t15_04_08_11_54_56" tests="1" failures="0" timestamp="9 Apr 2015 06:55:06 GMT" time="3.728" errors="0">
  <testcase name="TestBaidu" time="3.728" classname="KWS.prepare.t15_04_08_11_54_56"/>
</testsuite> <!-- KWS.prepare.t15_04_08_11_54_56 -->
