<?xml version="1.0" encoding="UTF-8"?>
<!-- Generated by org.testng.reporters.JUnitReportReporter -->
<testsuite hostname="GZ-QA-AutoTool" name="KWS.prepare.t15_04_09_03_12_09" tests="1" failures="0" timestamp="9 Apr 2015 10:13:07 GMT" time="50.592" errors="0">
  <testcase name="TestBaidu" time="50.592" classname="KWS.prepare.t15_04_09_03_12_09"/>
</testsuite> <!-- KWS.prepare.t15_04_09_03_12_09 -->
